<?xml version="1.0" encoding="UTF-8"?>
<testsuite xmlns:xsi="http://www.w3.org/2001/XMLSchema-instance" xsi:noNamespaceSchemaLocation="https://maven.apache.org/surefire/maven-surefire-plugin/xsd/surefire-test-report.xsd" name="inf226.inchat.InchatTest" time="1.239" tests="7" errors="1" skipped="0" failures="0">
  <properties>
[...]
</properties>
  <testcase name="TestSaltPWD" classname="inf226.inchat.InchatTest" time="0.055">
    <error message="Invalid hashed value" type="java.lang.IllegalArgumentException">java.lang.IllegalArgumentException: Invalid hashed value
	at inf226.inchat.InchatTest.TestSaltPWD(InchatTest.java:122)
</error>
    <system-out><![CDATA[Does not fulfill NIST.
]]></system-out>
  </testcase>
  <testcase name="TestUser" classname="inf226.inchat.InchatTest" time="0.138"/>
  <testcase name="TestBadPWD" classname="inf226.inchat.InchatTest" time="0.001"/>
  <testcase name="TestGoodPWD" classname="inf226.inchat.InchatTest" time="0.001"/>
  <testcase name="chatSetup" classname="inf226.inchat.InchatTest" time="0.579"/>
  <testcase name="TestPermission" classname="inf226.inchat.InchatTest" time="0.457"/>
  <testcase name="TestPassword" classname="inf226.inchat.InchatTest" time="0.003"/>
</testsuite>